<?xml version="1.0" encoding="utf-8"?><testsuites name="pytest tests"><testsuite name="pytest" errors="0" failures="0" skipped="0" tests="18" time="7.791" timestamp="2026-05-05T10:55:54.632290+00:00" hostname="agent-env-fe369339-f415-49ed-8ca7-61e3480c521d"><testcase classname="backend.tests.test_admin_resources.TestDashboard" name="test_dashboard_shape" time="0.646" /><testcase classname="backend.tests.test_admin_resources.TestDashboard" name="test_dashboard_forbidden_for_student" time="0.507" /><testcase classname="backend.tests.test_admin_resources.TestResourceCRUD" name="test_create_list_update_status_delete[schools]" time="0.770" /><testcase classname="backend.tests.test_admin_resources.TestResourceCRUD" name="test_create_list_update_status_delete[classes]" time="0.694" /><testcase classname="backend.tests.test_admin_resources.TestResourceCRUD" name="test_create_list_update_status_delete[courses]" time="0.725" /><testcase classname="backend.tests.test_admin_resources.TestResourceCRUD" name="test_create_list_update_status_delete[subjects]" time="0.649" /><testcase classname="backend.tests.test_admin_resources.TestResourceCRUD" name="test_create_list_update_status_delete[chapters]" time="0.702" /><testcase classname="backend.tests.test_admin_resources.TestResourceCRUD" name="test_unknown_kind" time="0.110" /><testcase classname="backend.tests.test_admin_resources.TestSearch" name="test_classes_search" time="0.340" /><testcase classname="backend.tests.test_admin_resources.TestBulk" name="test_bulk_create_classes" time="0.197" /><testcase classname="backend.tests.test_admin_resources.TestBulk" name="test_bulk_empty_400" time="0.105" /><testcase classname="backend.tests.test_admin_resources.TestSchoolAdminUserCreation" name="test_school_admin_create_user_login" time="0.739" /><testcase classname="backend.tests.test_admin_resources.TestStudentUserCreation" name="test_student_create_user_login" time="0.773" /><testcase classname="backend.tests.test_admin_resources.TestResourceRBAC" name="test_student_forbidden[schools]" time="0.105" /><testcase classname="backend.tests.test_admin_resources.TestResourceRBAC" name="test_student_forbidden[classes]" time="0.121" /><testcase classname="backend.tests.test_admin_resources.TestResourceRBAC" name="test_student_forbidden[students]" time="0.116" /><testcase classname="backend.tests.test_admin_resources.TestResourceRBAC" name="test_unauth_denied" time="0.116" /><testcase classname="backend.tests.test_admin_resources.TestActivityLog" name="test_activity_logged_on_create" time="0.306" /></testsuite></testsuites>