<?xml version="1.0" encoding="utf-8"?><testsuites name="pytest tests"><testsuite name="pytest" errors="0" failures="0" skipped="0" tests="15" time="4.971" timestamp="2026-06-03T10:32:57.462597+00:00" hostname="agent-env-fe369339-f415-49ed-8ca7-61e3480c521d"><testcase classname="backend.tests.test_school_admin_autoattach" name="test_auto_attach_on_create_by_instructor" time="0.859" /><testcase classname="backend.tests.test_school_admin_autoattach" name="test_student_visible_in_admin_table" time="0.195" /><testcase classname="backend.tests.test_school_admin_autoattach" name="test_student_visible_in_instructor_table" time="0.237" /><testcase classname="backend.tests.test_school_admin_autoattach" name="test_spoof_protection_on_create" time="0.106" /><testcase classname="backend.tests.test_school_admin_autoattach" name="test_spoof_protection_on_update" time="0.217" /><testcase classname="backend.tests.test_school_admin_autoattach" name="test_instructor_cannot_update_other_school_student" time="0.319" /><testcase classname="backend.tests.test_school_admin_autoattach" name="test_instructor_cannot_delete_other_school_student" time="0.337" /><testcase classname="backend.tests.test_school_admin_autoattach" name="test_admin_manual_create_keeps_explicit_school" time="0.102" /><testcase classname="backend.tests.test_school_admin_autoattach" name="test_bulk_create_by_instructor_auto_attaches" time="0.345" /><testcase classname="backend.tests.test_school_admin_autoattach" name="test_auto_attach_for_writable_school_scoped_kinds[quiz-results-extra0]" time="0.117" /><testcase classname="backend.tests.test_school_admin_autoattach" name="test_auto_attach_for_writable_school_scoped_kinds[results-extra1]" time="0.110" /><testcase classname="backend.tests.test_school_admin_autoattach" name="test_instructor_write_blocked_for_admin_only_kinds[classes]" time="0.110" /><testcase classname="backend.tests.test_school_admin_autoattach" name="test_instructor_write_blocked_for_admin_only_kinds[subjects]" time="0.097" /><testcase classname="backend.tests.test_school_admin_autoattach" name="test_instructor_write_blocked_for_admin_only_kinds[chapters]" time="0.104" /><testcase classname="backend.tests.test_school_admin_autoattach" name="test_instructor_write_blocked_for_admin_only_kinds[quizzes]" time="1.630" /></testsuite></testsuites>