<?xml version="1.0" encoding="utf-8"?><testsuites name="pytest tests"><testsuite name="pytest" errors="0" failures="0" skipped="0" tests="14" time="3.597" timestamp="2026-06-02T11:03:01.086689+00:00" hostname="agent-env-fe369339-f415-49ed-8ca7-61e3480c521d"><testcase classname="backend.tests.test_phase2_resources.TestProductsPagination" name="test_default_returns_items_total_limit_offset" time="0.580" /><testcase classname="backend.tests.test_phase2_resources.TestProductsPagination" name="test_first_page_size_2" time="0.116" /><testcase classname="backend.tests.test_phase2_resources.TestProductsPagination" name="test_second_page_offset_2" time="0.121" /><testcase classname="backend.tests.test_phase2_resources.TestProductsPagination" name="test_large_limit_returns_all" time="0.140" /><testcase classname="backend.tests.test_phase2_resources.TestOtherKinds" name="test_fun_hub_seeded" time="0.119" /><testcase classname="backend.tests.test_phase2_resources.TestOtherKinds" name="test_notifications_seeded" time="0.131" /><testcase classname="backend.tests.test_phase2_resources.TestOtherKinds" name="test_orders_endpoint_works" time="0.660" /><testcase classname="backend.tests.test_phase2_resources.TestNotificationsCRUDSearch" name="test_create_then_total_increases" time="0.508" /><testcase classname="backend.tests.test_phase2_resources.TestNotificationsCRUDSearch" name="test_search_welcome_hits_seed" time="0.114" /><testcase classname="backend.tests.test_phase2_resources.TestRegexEscape" name="test_plusplus_query_does_not_500" time="0.108" /><testcase classname="backend.tests.test_phase2_resources.TestRegexEscape" name="test_parens_query_does_not_500" time="0.103" /><testcase classname="backend.tests.test_phase2_resources.TestStudentSiteEndpoints" name="test_student_notifications" time="0.104" /><testcase classname="backend.tests.test_phase2_resources.TestStudentSiteEndpoints" name="test_student_fun_hub" time="0.146" /><testcase classname="backend.tests.test_phase2_resources.TestProductsCRUD" name="test_update_then_delete_product" time="0.581" /></testsuite></testsuites>