<?xml version="1.0" encoding="utf-8"?><testsuites name="pytest tests"><testsuite name="pytest" errors="0" failures="0" skipped="0" tests="14" time="5.238" timestamp="2026-06-02T10:46:15.836753+00:00" hostname="agent-env-fe369339-f415-49ed-8ca7-61e3480c521d"><testcase classname="backend.tests.test_phase1_school_scope.TestStudentIdLogin" name="test_login_with_student_id" time="0.451" /><testcase classname="backend.tests.test_phase1_school_scope.TestStudentIdLogin" name="test_login_with_email_still_works" time="0.337" /><testcase classname="backend.tests.test_phase1_school_scope.TestStudentIdLogin" name="test_login_with_wrong_role_rejected" time="0.336" /><testcase classname="backend.tests.test_phase1_school_scope.TestAdminGlobalScope" name="test_schools_all" time="0.483" /><testcase classname="backend.tests.test_phase1_school_scope.TestAdminGlobalScope" name="test_students_all" time="0.108" /><testcase classname="backend.tests.test_phase1_school_scope.TestInstructorScope" name="test_schools_only_own" time="0.458" /><testcase classname="backend.tests.test_phase1_school_scope.TestInstructorScope" name="test_students_only_own_school" time="0.130" /><testcase classname="backend.tests.test_phase1_school_scope.TestInstructorScope" name="test_classes_scoped" time="0.137" /><testcase classname="backend.tests.test_phase1_school_scope.TestInstructorScope" name="test_courses_scoped_no_leak" time="0.109" /><testcase classname="backend.tests.test_phase1_school_scope.TestInstructorScope" name="test_subjects_scoped_no_leak" time="0.111" /><testcase classname="backend.tests.test_phase1_school_scope.TestInstructorScope" name="test_chapters_scoped_no_leak" time="0.116" /><testcase classname="backend.tests.test_phase1_school_scope.TestInstructorScope" name="test_school_admins_forbidden_for_instructor" time="0.107" /><testcase classname="backend.tests.test_phase1_school_scope.TestInstructorDashboard" name="test_dashboard_students_count_one" time="0.466" /><testcase classname="backend.tests.test_phase1_school_scope.TestCreateSchoolAdminRole" name="test_creates_user_with_instructor_role" time="1.588" /></testsuite></testsuites>