<?xml version="1.0" encoding="utf-8"?><testsuites name="pytest tests"><testsuite name="pytest" errors="0" failures="0" skipped="0" tests="11" time="3.508" timestamp="2026-06-02T11:30:05.027809+00:00" hostname="agent-env-fe369339-f415-49ed-8ca7-61e3480c521d"><testcase classname="backend.tests.test_phase25_auth.TestStudentPasswordless" name="test_login_via_auth_login_with_student_id" time="0.247" /><testcase classname="backend.tests.test_phase25_auth.TestStudentPasswordless" name="test_login_invalid_student_id" time="0.078" /><testcase classname="backend.tests.test_phase25_auth.TestStudentPasswordless" name="test_dedicated_student_login_success" time="0.053" /><testcase classname="backend.tests.test_phase25_auth.TestStudentPasswordless" name="test_dedicated_student_login_invalid" time="0.047" /><testcase classname="backend.tests.test_phase25_auth.TestStudentPasswordless" name="test_email_password_login_still_works" time="0.273" /><testcase classname="backend.tests.test_phase25_auth.TestSchoolAdminGuard" name="test_valid_school_admin_login" time="0.275" /><testcase classname="backend.tests.test_phase25_auth.TestSchoolAdminGuard" name="test_orphan_school_admin_blocked" time="0.840" /><testcase classname="backend.tests.test_phase25_auth.TestSchoolAdminGuard" name="test_school_admin_empty_school_blocked" time="0.542" /><testcase classname="backend.tests.test_phase25_auth.TestStudentSiteInit" name="test_init_as_student" time="0.457" /><testcase classname="backend.tests.test_phase25_auth.TestStudentSiteInit" name="test_init_as_admin_all_notifications" time="0.384" /><testcase classname="backend.tests.test_phase25_auth.TestLogo" name="test_logo_served" time="0.216" /></testsuite></testsuites>