<?xml version="1.0" encoding="utf-8"?><testsuites name="pytest tests"><testsuite name="pytest" errors="0" failures="1" skipped="0" tests="11" time="11.019" timestamp="2026-06-02T11:53:08.217561+00:00" hostname="agent-env-fe369339-f415-49ed-8ca7-61e3480c521d"><testcase classname="backend.tests.test_phase3_chat_payments.TestChatSpark" name="test_send_first_message" time="6.272" /><testcase classname="backend.tests.test_phase3_chat_payments.TestChatSpark" name="test_send_followup_multi_turn" time="2.560" /><testcase classname="backend.tests.test_phase3_chat_payments.TestChatSpark" name="test_history_chronological" time="0.063" /><testcase classname="backend.tests.test_phase3_chat_payments.TestChatSpark" name="test_sessions_list" time="0.057" /><testcase classname="backend.tests.test_phase3_chat_payments.TestChatSpark" name="test_delete_session" time="0.139" /><testcase classname="backend.tests.test_phase3_chat_payments.TestChatSpark" name="test_send_unauthenticated" time="1.451"><failure message="AssertionError: expected 401 got 200 {&quot;session_id&quot;:&quot;chat_user_5f2484b996d0_491aaba6e7&quot;,&quot;reply&quot;:&quot;Hi there! I'm **Spark**, your AI study buddy. I'm here to help you tackle your schoolwork, whether it's solving a tricky math equation, debugging some code, or exploring the wonders of science.\n\nThink of me like a digital Swiss Army knife for your brain—I've got tools for almost every subject! \n\nWhat are we working on today? Feel free to drop a question or a topic you're curious about!&quot;,&quot;created_at&quot;:&quot;2026-06-02T11:53:17.431172+00:00&quot;}&#10;assert 200 == 401&#10; +  where 200 = &lt;Response [200]&gt;.status_code">backend/tests/test_phase3_chat_payments.py:116: in test_send_unauthenticated
    assert r.status_code == 401, f"expected 401 got {r.status_code} {r.text}"
E   AssertionError: expected 401 got 200 {"session_id":"chat_user_5f2484b996d0_491aaba6e7","reply":"Hi there! I'm **Spark**, your AI study buddy. I'm here to help you tackle your schoolwork, whether it's solving a tricky math equation, debugging some code, or exploring the wonders of science.\n\nThink of me like a digital Swiss Army knife for your brain—I've got tools for almost every subject! \n\nWhat are we working on today? Feel free to drop a question or a topic you're curious about!","created_at":"2026-06-02T11:53:17.431172+00:00"}
E   assert 200 == 401
E    +  where 200 = &lt;Response [200]&gt;.status_code</failure></testcase><testcase classname="backend.tests.test_phase3_chat_payments.TestPaymentsNotConfigured" name="test_config_returns_unconfigured" time="0.057" /><testcase classname="backend.tests.test_phase3_chat_payments.TestPaymentsNotConfigured" name="test_create_order_returns_503" time="0.062" /><testcase classname="backend.tests.test_phase3_chat_payments.TestPaymentsNotConfigured" name="test_verify_returns_503_when_unconfigured" time="0.054" /><testcase classname="backend.tests.test_phase3_chat_payments.TestPaymentsNotConfigured" name="test_webhook_skipped_when_secret_missing" time="0.052" /><testcase classname="backend.tests.test_phase3_chat_payments" name="test_backend_reachable" time="0.142" /></testsuite></testsuites>