<?xml version="1.0" encoding="utf-8"?><testsuites name="pytest tests"><testsuite name="pytest" errors="0" failures="1" skipped="0" tests="25" time="9.096" timestamp="2026-05-03T14:35:29.845428+00:00" hostname="agent-env-fe369339-f415-49ed-8ca7-61e3480c521d"><testcase classname="backend.tests.test_auth_lms.TestHealth" name="test_root" time="0.232" /><testcase classname="backend.tests.test_auth_lms.TestLogin" name="test_seed_login[admin@cmsedu.ai-Demo@123-admin]" time="0.299" /><testcase classname="backend.tests.test_auth_lms.TestLogin" name="test_seed_login[instructor@cmsedu.ai-Demo@123-instructor]" time="0.281" /><testcase classname="backend.tests.test_auth_lms.TestLogin" name="test_seed_login[student@cmsedu.ai-Demo@123-student]" time="0.285" /><testcase classname="backend.tests.test_auth_lms.TestLogin" name="test_wrong_password" time="0.303" /><testcase classname="backend.tests.test_auth_lms.TestLogin" name="test_role_mismatch_returns_403" time="0.283" /><testcase classname="backend.tests.test_auth_lms.TestMe" name="test_me_with_bearer" time="0.405" /><testcase classname="backend.tests.test_auth_lms.TestMe" name="test_me_unauth" time="0.146" /><testcase classname="backend.tests.test_auth_lms.TestRegister" name="test_register_creates_user" time="0.447" /><testcase classname="backend.tests.test_auth_lms.TestRegister" name="test_register_duplicate" time="0.051" /><testcase classname="backend.tests.test_auth_lms.TestRBAC" name="test_admin_stats_admin_ok" time="1.109" /><testcase classname="backend.tests.test_auth_lms.TestRBAC" name="test_admin_stats_student_forbidden" time="0.195" /><testcase classname="backend.tests.test_auth_lms.TestRBAC" name="test_admin_stats_instructor_forbidden" time="0.125" /><testcase classname="backend.tests.test_auth_lms.TestRBAC" name="test_admin_users" time="0.155" /><testcase classname="backend.tests.test_auth_lms.TestRBAC" name="test_instructor_stats_instructor_ok" time="0.110" /><testcase classname="backend.tests.test_auth_lms.TestRBAC" name="test_instructor_stats_admin_ok" time="0.143" /><testcase classname="backend.tests.test_auth_lms.TestRBAC" name="test_instructor_stats_student_forbidden" time="0.116" /><testcase classname="backend.tests.test_auth_lms.TestRBAC" name="test_student_stats_student_ok" time="0.121" /><testcase classname="backend.tests.test_auth_lms.TestRBAC" name="test_student_stats_admin_ok" time="0.103" /><testcase classname="backend.tests.test_auth_lms.TestRBAC" name="test_student_stats_instructor_forbidden" time="0.111" /><testcase classname="backend.tests.test_auth_lms.TestRBAC" name="test_courses_public" time="0.132" /><testcase classname="backend.tests.test_auth_lms.TestRBAC" name="test_student_courses" time="0.111" /><testcase classname="backend.tests.test_auth_lms.TestForgotReset" name="test_forgot_and_reset" time="1.232" /><testcase classname="backend.tests.test_auth_lms.TestForgotReset" name="test_forgot_unknown_email_returns_ok" time="0.056" /><testcase classname="backend.tests.test_auth_lms.TestLockout" name="test_lockout_after_threshold" time="2.248"><failure message="AssertionError: Expected 429 lockout, got: [401, 401, 401, 401, 401, 401, 401]&#10;assert 429 in [401, 401, 401, 401, 401, 401, ...]">backend/tests/test_auth_lms.py:218: in test_lockout_after_threshold
    assert 429 in codes, f"Expected 429 lockout, got: {codes}"
E   AssertionError: Expected 429 lockout, got: [401, 401, 401, 401, 401, 401, 401]
E   assert 429 in [401, 401, 401, 401, 401, 401, ...]</failure></testcase></testsuite></testsuites>